<?xml version="1.0" encoding="UTF-8"?>
<!-- Generated by org.testng.reporters.JUnitReportReporter -->
<testsuite hostname="kuljeet-pc" failures="0" tests="3" name="testlayer.YourAddressTest" time="16.266" errors="0" timestamp="2023-09-23T09:48:15 EDT" skipped="0">
  <testcase classname="testlayer.YourAddressTest" name="emptyAddressDetailsErrMsgs" time="13.801"/>
  <system-out/>
  <testcase classname="testlayer.YourAddressTest" name="addAddress" time="2.437"/>
  <system-out/>
  <testcase classname="testlayer.YourAddressTest" name="checkAddressAddedSuccessfully" time="0.028"/>
  <system-out/>
</testsuite> <!-- testlayer.YourAddressTest -->
