<?xml version="1.0" encoding="UTF-8"?>
<!-- Generated by org.testng.reporters.JUnitReportReporter -->
<testsuite hostname="kuljeet-pc" failures="0" tests="7" name="testlayer.LoginTest" time="64.101" errors="0" timestamp="2023-09-23T09:48:15 EDT" skipped="0">
  <testcase classname="testlayer.LoginTest" name="emptyEmailAddress" time="7.989"/>
  <system-out/>
  <testcase classname="testlayer.LoginTest" name="invalidEmailAddress" time="8.478"/>
  <system-out/>
  <testcase classname="testlayer.LoginTest" name="validEmailAddress" time="9.161"/>
  <system-out/>
  <testcase classname="testlayer.LoginTest" name="invalidPhone" time="8.687"/>
  <system-out/>
  <testcase classname="testlayer.LoginTest" name="emptyPassword" time="8.866"/>
  <system-out/>
  <testcase classname="testlayer.LoginTest" name="validEmailAndPassword" time="10.516"/>
  <system-out/>
  <testcase classname="testlayer.LoginTest" name="keepMeSignedIn" time="10.404"/>
  <system-out/>
</testsuite> <!-- testlayer.LoginTest -->
