<?xml version="1.0" encoding="UTF-8"?>
<!-- Generated by org.testng.reporters.JUnitReportReporter -->
<testsuite hostname="kuljeet-pc" failures="0" tests="5" name="testlayer.YourAccountTest" time="62.344" errors="0" timestamp="2023-09-23T09:48:15 EDT" skipped="0">
  <testcase classname="testlayer.YourAccountTest" name="checkPrimeMembershipLink" time="14.144"/>
  <system-out/>
  <testcase classname="testlayer.YourAccountTest" name="checkYourAccountLink" time="12.398"/>
  <system-out/>
  <testcase classname="testlayer.YourAccountTest" name="verifyHomePageMsg" time="10.281"/>
  <system-out/>
  <testcase classname="testlayer.YourAccountTest" name="sublistDisplayed" time="11.583"/>
  <system-out/>
  <testcase classname="testlayer.YourAccountTest" name="checkMusicLibraryLink" time="13.938"/>
  <system-out/>
</testsuite> <!-- testlayer.YourAccountTest -->
