<?xml version="1.0" encoding="UTF-8"?>
<!-- Generated by org.testng.reporters.JUnitReportReporter -->
<testsuite hostname="kuljeet-pc" failures="0" tests="1" name="testlayer.LoginAndSecurityTest" time="3.221" errors="0" timestamp="2023-09-23T09:48:15 EDT" skipped="0">
  <testcase classname="testlayer.LoginAndSecurityTest" name="editName" time="3.221"/>
  <system-out/>
</testsuite> <!-- testlayer.LoginAndSecurityTest -->
