<?xml version="1.0" encoding="UTF-8"?>
<!-- Generated by org.testng.reporters.JUnitReportReporter -->
<testsuite hostname="kuljeet-pc" failures="0" tests="4" name="testlayer.YourOrdersTest" time="58.418" errors="0" timestamp="2023-09-23T09:48:15 EDT" skipped="0">
  <testcase classname="testlayer.YourOrdersTest" name="notYetShipped" time="13.384"/>
  <system-out/>
  <testcase classname="testlayer.YourOrdersTest" name="cancelledOrders" time="15.220"/>
  <system-out/>
  <testcase classname="testlayer.YourOrdersTest" name="buyAgainRecommendations" time="14.930"/>
  <system-out/>
  <testcase classname="testlayer.YourOrdersTest" name="orderHistoryPast3Months" time="14.884"/>
  <system-out/>
</testsuite> <!-- testlayer.YourOrdersTest -->
