<?xml version="1.0" encoding="UTF-8"?>
<!-- Generated by org.testng.reporters.JUnitReportReporter -->
<testsuite hostname="kuljeet-pc" failures="0" tests="1" name="testlayer.SortingTest" time="11.079" errors="0" timestamp="2023-09-22T10:02:08 EDT" skipped="0">
  <testcase classname="testlayer.SortingTest" name="sortByNewestArrivals" time="11.079"/>
  <system-out/>
</testsuite> <!-- testlayer.SortingTest -->
